Build started 2/18/2016 3:52:56 PM.
     1>Project "D:\google\googlemock\gmock_main.vcxproj" on node 2 (Build target(s)).
     1>ClCompile:
         C:\Program Files (x86)\Microsoft Visual Studio 14.0\VC\bin\CL.exe /c /ID:\google\googlemock\include /ID:\google\googlemock /ID:\google\googletest\include /ID:\google\googletest /Zi /nologo /W4 /WX /Od /Ob0 /Oy- /D WIN32 /D _WINDOWS /D _DEBUG /D WIN32 /D _WINDOWS /D _UNICODE /D UNICODE /D WIN32 /D _WIN32 /D STRICT /D WIN32_LEAN_AND_MEAN /D GTEST_HAS_PTHREAD=0 /D _HAS_EXCEPTIONS=1 /D "CMAKE_INTDIR=\"Debug\"" /D _UNICODE /D UNICODE /Gm- /EHsc /RTC1 /MTd /GS /fp:precise /Zc:wchar_t /Zc:forScope /Zc:inline /GR /Fo"gmock_main.dir\Debug\\" /Fd"gmock_main.dir\Debug\vc140.pdb" /Gd /TP /wd4251 /wd4275 /wd4702 /analyze- /errorReport:prompt  -J D:\google\googlemock\src\gmock_main.cc
         gmock_main.cc
       Link:
         C:\Program Files (x86)\Microsoft Visual Studio 14.0\VC\bin\link.exe /ERRORREPORT:PROMPT /OUT:"D:\google\googlemock\Debug\gmock_main.exe" /NOLOGO kernel32.lib user32.lib gdi32.lib winspool.lib comdlg32.lib advapi32.lib shell32.lib ole32.lib oleaut32.lib uuid.lib odbc32.lib odbccp32.lib /MANIFEST /MANIFESTUAC:"level='asInvoker' uiAccess='false'" /manifest:embed /DEBUG /PDB:"D:\google\googlemock\Debug\gmock_main.pdb" /TLBID:1 /DYNAMICBASE /NXCOMPAT /IMPLIB:"D:\google\googlemock\Debug\gmock_main.lib" /MACHINE:X86 /SAFESEH "gmock_main.dir\Debug\gtest-all.obj"
         "gmock_main.dir\Debug\gmock-all.obj"
         gmock_main.dir\Debug\gmock_main.obj
         
     1>LINK : fatal error LNK1000: Internal error during IMAGE::Pass2
         
           Version 14.00.23026.0
         
           ExceptionCode            = C0000005
           ExceptionFlags           = 00000000
           ExceptionAddress         = 013952C1 (01360000) "C:\Program Files (x86)\Microsoft Visual Studio 14.0\VC\bin\link.exe"
           NumberParameters         = 00000002
           ExceptionInformation[ 0] = 00000000
           ExceptionInformation[ 1] = 35A33646
         
         CONTEXT:
           Eax    = 00000400  Esp    = 034EEAB4
           Ebx    = 00000000  Ebp    = 034EEAB4
           Ecx    = 35A33596  Esi    = 0301CC10
           Edx    = 00C77E58  Edi    = 00000000
           Eip    = 013952C1  EFlags = 00010206
           SegCs  = 00000023  SegDs  = 0000002B
           SegSs  = 0000002B  SegEs  = 0000002B
           SegFs  = 00000053  SegGs  = 0000002B
           Dr0    = 00000000  Dr3    = 00000000
           Dr1    = 00000000  Dr6    = 00000000
           Dr2    = 00000000  Dr7    = 00000000
     1>Done Building Project "D:\google\googlemock\gmock_main.vcxproj" (Build target(s)) -- FAILED.

Build FAILED.

Time Elapsed 00:00:08.62
